<?xml version="1.0" encoding="UTF-8"?>
<!-- Generated by org.testng.reporters.JUnitXMLReporter -->
<testsuite ignored="6" hostname="DESKTOP-HV832U5" failures="0" tests="1" name="TestNG_Team05" time="98.988" errors="0" timestamp="2023-05-20T21:30:29 EET">
  <testcase classname="Team05.test.US_15" name="test03" time="98.298"/>
  <testcase classname="Team05.test.US_15" name="test06" time="0.0">
    <ignored/>
  </testcase> <!-- test06 -->
  <testcase classname="Team05.test.US_15" name="test07" time="0.0">
    <ignored/>
  </testcase> <!-- test07 -->
  <testcase classname="Team05.test.US_15" name="test04" time="0.0">
    <ignored/>
  </testcase> <!-- test04 -->
  <testcase classname="Team05.test.US_15" name="test02" time="0.0">
    <ignored/>
  </testcase> <!-- test02 -->
  <testcase classname="Team05.test.US_15" name="test05" time="0.0">
    <ignored/>
  </testcase> <!-- test05 -->
  <testcase classname="Team05.test.US_15" name="test08" time="0.0">
    <ignored/>
  </testcase> <!-- test08 -->
</testsuite> <!-- TestNG_Team05 -->
