<?xml version="1.0" encoding="UTF-8"?>
<testng-results ignored="6" total="7" passed="1" failed="0" skipped="0">
  <reporter-output>
  </reporter-output>
  <suite started-at="2023-05-20T21:28:50 EET" name="Default Suite" finished-at="2023-05-20T21:30:29 EET" duration-ms="98988">
    <groups>
    </groups>
    <test started-at="2023-05-20T21:28:50 EET" name="TestNG_Team05" finished-at="2023-05-20T21:30:29 EET" duration-ms="98988">
      <class name="Team05.test.US_15">
        <test-method is-config="true" signature="beforeTest()[pri:0, instance:Team05.test.US_15@550ee7e5]" started-at="2023-05-20T21:28:50 EET" name="beforeTest" finished-at="2023-05-20T21:28:51 EET" duration-ms="559" status="PASS">
          <reporter-output>
          </reporter-output>
        </test-method> <!-- beforeTest -->
        <test-method signature="test03()[pri:0, instance:Team05.test.US_15@550ee7e5]" started-at="2023-05-20T21:28:51 EET" name="test03" finished-at="2023-05-20T21:30:29 EET" duration-ms="98298" status="PASS">
          <reporter-output>
          </reporter-output>
        </test-method> <!-- test03 -->
      </class> <!-- Team05.test.US_15 -->
    </test> <!-- TestNG_Team05 -->
  </suite> <!-- Default Suite -->
</testng-results>
